12-02-2024 15:56:20:5620 [31merror[39m: [31mdata and hash arguments required[39m
12-02-2024 16:10:05:105 [31merror[39m: [31mCannot access 'user' before initialization[39m
12-02-2024 16:13:56:1356 [31merror[39m: [31mla valeur pour le domaine domain_password viole la contrainte de v√©rification ¬´ domain_password_check ¬ª[39m
12-02-2024 16:14:11:1411 [31merror[39m: [31mla valeur pour le domaine domain_password viole la contrainte de v√©rification ¬´ domain_password_check ¬ª[39m
12-02-2024 16:15:35:1535 [31merror[39m: [31mla valeur pour le domaine domain_password viole la contrainte de v√©rification ¬´ domain_password_check ¬ª[39m
12-02-2024 16:15:41:1541 [31merror[39m: [31mla valeur pour le domaine domain_password viole la contrainte de v√©rification ¬´ domain_password_check ¬ª[39m
12-02-2024 16:16:17:1617 [31merror[39m: [31mla valeur pour le domaine domain_password viole la contrainte de v√©rification ¬´ domain_password_check ¬ª[39m
12-02-2024 16:16:44:1644 [31merror[39m: [31mla valeur pour le domaine domain_password viole la contrainte de v√©rification ¬´ domain_password_check ¬ª[39m
12-02-2024 16:16:57:1657 [31merror[39m: [31mla valeur pour le domaine domain_password viole la contrainte de v√©rification ¬´ domain_password_check ¬ª[39m
12-02-2024 16:17:01:171 [31merror[39m: [31mla valeur pour le domaine domain_password viole la contrainte de v√©rification ¬´ domain_password_check ¬ª[39m
12-02-2024 16:26:39:2639 [31merror[39m: [31mla valeur pour le domaine domain_password viole la contrainte de v√©rification ¬´ domain_password_check ¬ª[39m
12-02-2024 16:27:06:276 [31merror[39m: [31mdata and hash arguments required[39m
12-02-2024 16:53:00:530 [31merror[39m: [31mla valeur pour le domaine domain_password viole la contrainte de v√©rification ¬´ domain_password_check ¬ª[39m
12-02-2024 16:53:59:5359 [31merror[39m: [31mdata and hash arguments required[39m
13-02-2024 09:30:15:3015 [31merror[39m: [31mdata and hash arguments required[39m
13-02-2024 09:32:45:3245 [31merror[39m: [31mdata and hash arguments required[39m
13-02-2024 09:32:46:3246 [31merror[39m: [31mdata and hash arguments required[39m
13-02-2024 09:32:47:3247 [31merror[39m: [31mdata and hash arguments required[39m
13-02-2024 09:32:48:3248 [31merror[39m: [31mdata and hash arguments required[39m
13-02-2024 09:32:49:3249 [31merror[39m: [31mdata and hash arguments required[39m
13-02-2024 09:32:50:3250 [31merror[39m: [31mdata and hash arguments required[39m
13-02-2024 09:33:29:3329 [31merror[39m: [31mIdentifiants incorrects[39m
13-02-2024 09:34:02:342 [31merror[39m: [31mIdentifiants incorrects[39m
13-02-2024 10:33:55:3355 [31merror[39m: [31msyntaxe en entr√©e invalide pour le type integer : ¬´ {"id":"1"} ¬ª[39m
13-02-2024 10:46:12:4612 [31merror[39m: [31mstoryDataMapper is not defined[39m
13-02-2024 11:48:52:4852 [31merror[39m: [31mLe mot de passe doit contenir au moins 8 caract√®res, dont une majuscule et minuscule, 1 chiffre et 1 caract√®re sp√©cial.[39m
13-02-2024 11:49:04:494 [31merror[39m: [31mla valeur d'une cl√© dupliqu√©e rompt la contrainte unique ¬´ user_email_key ¬ª[39m
13-02-2024 14:05:27:527 error: Le mot de passe doit contenir au moins 8 caract√®res, dont une majuscule et minuscule, 1 chiffre et 1 caract√®re sp√©cial.
13-02-2024 14:10:00:100 [31merror[39m: [31mLe mot de passe doit contenir au moins 8 caract√®res, dont une majuscule et minuscule, 1 chiffre et 1 caract√®re sp√©cial.[39m
13-02-2024 14:11:21:1121 error: Le mot de passe doit contenir au moins 8 caract√®res, dont une majuscule et minuscule, 1 chiffre et 1 caract√®re sp√©cial.
13-02-2024 14:16:03:163 error: Le mot de passe doit contenir au moins 8 caract√®res, dont une majuscule et minuscule, 1 chiffre et 1 caract√®re sp√©cial.
13-02-2024 19:34:14:3414 error: Le mot de passe doit contenir au moins 8 caract√®res, dont une majuscule et minuscule, 1 chiffre et 1 caract√®re sp√©cial.
13-02-2024 19:36:33:3633 error: Identifiants incorrects.
13-02-2024 19:36:55:3655 error: Le mot de passe doit contenir au moins 8 caract√®res, dont une majuscule et minuscule, 1 chiffre et 1 caract√®re sp√©cial.
13-02-2024 19:37:38:3738 error: Le mot de passe doit contenir au moins 8 caract√®res, dont une majuscule et minuscule, 1 chiffre et 1 caract√®re sp√©cial.
13-02-2024 19:42:55:4255 error: Le mot de passe doit contenir au moins 8 caract√®res, dont une majuscule et minuscule, 1 chiffre et 1 caract√®re sp√©cial.
13-02-2024 19:44:11:4411 error: Le mot de passe doit contenir au moins 8 caract√®res, dont une majuscule et minuscule, 1 chiffre et 1 caract√®re sp√©cial.
13-02-2024 19:45:25:4525 error: Le mot de passe doit contenir au moins 8 caract√®res, dont une majuscule et minuscule, 1 chiffre et 1 caract√®re sp√©cial.
13-02-2024 19:47:37:4737 error: Le mot de passe doit contenir au moins 8 caract√®res, dont une majuscule et minuscule, 1 chiffre et 1 caract√®re sp√©cial.
13-02-2024 19:48:06:486 error: Identifiants incorrects.
13-02-2024 19:52:37:5237 error: Identifiants incorrects.
15-02-2024 10:08:41:841 error: res is not defined
15-02-2024 10:08:53:853 error: res is not defined
15-02-2024 10:09:14:914 error: response.json is not a function
15-02-2024 10:09:47:947 error: A query must have either text or a name. Supplying neither is unsupported.
15-02-2024 10:10:06:106 error: A query must have either text or a name. Supplying neither is unsupported.
15-02-2024 10:10:26:1026 error: A query must have either text or a name. Supplying neither is unsupported.
15-02-2024 10:30:26:3026 error: Cannot read properties of undefined (reading 'params')
15-02-2024 10:34:50:3450 error: Cannot read properties of undefined (reading 'status')
15-02-2024 10:40:26:4026 error: Cannot destructure property 'result' of '(intermediate value)' as it is undefined.
15-02-2024 10:46:11:4611 error: Le mot de passe doit contenir au moins 8 caract√®res, dont une majuscule et minuscule, 1 chiffre et 1 caract√®re sp√©cial.
15-02-2024 11:05:04:54 error: Identifiants incorrects.
15-02-2024 11:15:53:1553 error: Cannot destructure property 'id' of 'req.params' as it is undefined.
15-02-2024 11:16:42:1642 error: Cannot destructure property 'id' of 'req.params' as it is undefined.
15-02-2024 11:18:28:1828 error: Cannot destructure property 'userId' of 'req.params' as it is undefined.
15-02-2024 11:19:30:1930 error: Cannot destructure property 'id' of 'req.params' as it is undefined.
15-02-2024 11:25:19:2519 error: Cannot destructure property 'id' of 'userId' as it is undefined.
15-02-2024 11:27:35:2735 error: Cannot destructure property 'id' of 'userId' as it is undefined.
15-02-2024 11:28:33:2833 error: undefined
15-02-2024 11:29:05:295 error: undefined
15-02-2024 11:30:58:3058 error: undefined
15-02-2024 11:37:35:3735 error: undefined
15-02-2024 11:40:15:4015 error: undefined
15-02-2024 11:40:33:4033 error: undefined
15-02-2024 11:41:42:4142 error: undefined
15-02-2024 11:43:44:4344 error: undefined
15-02-2024 11:45:03:453 error: undefined
15-02-2024 11:45:08:458 error: undefined
15-02-2024 11:46:41:4641 error: undefined
15-02-2024 11:47:05:475 error: Cannot destructure property 'id' of 'req.params' as it is undefined.
15-02-2024 11:47:14:4714 error: undefined
15-02-2024 11:49:03:493 error: Cannot read properties of undefined (reading 'params')
15-02-2024 11:49:38:4938 error: Cannot destructure property 'id' of 'req.params' as it is undefined.
15-02-2024 11:50:04:504 error: Invalid status code: null
15-02-2024 11:52:33:5233 error: undefined
15-02-2024 11:58:13:5813 error: undefined
15-02-2024 12:09:59:959 error: Cannot destructure property 'id' of 'req.params' as it is undefined.
15-02-2024 12:10:13:1013 error: Cannot read properties of undefined (reading 'id')
15-02-2024 12:10:31:1031 error: Cannot destructure property 'id' of 'req.params' as it is undefined.
15-02-2024 12:11:37:1137 error: Cannot destructure property 'id' of 'req.params' as it is undefined.
15-02-2024 12:11:53:1153 error: Cannot read properties of undefined (reading 'id')
15-02-2024 12:16:11:1611 error: Cannot read properties of undefined (reading 'params')
15-02-2024 12:16:41:1641 error: Cannot read properties of undefined (reading 'params')
15-02-2024 12:17:34:1734 error: Cannot read properties of undefined (reading 'params')
15-02-2024 12:18:51:1851 error: Cannot read properties of undefined (reading 'params')
15-02-2024 12:19:34:1934 error: Cannot read properties of undefined (reading 'params')
15-02-2024 12:19:45:1945 error: Cannot read properties of undefined (reading 'body')
15-02-2024 12:21:06:216 error: Cannot read properties of undefined (reading 'params')
15-02-2024 12:22:53:2253 error: Cannot read properties of undefined (reading 'params')
15-02-2024 13:30:36:3036 error: Cannot read properties of undefined (reading 'params')
15-02-2024 13:49:04:494 error: Cannot destructure property 'id' of 'req.params' as it is undefined.
15-02-2024 13:52:53:5253 error: user.save is not a function
15-02-2024 13:54:06:546 error: result is not defined
15-02-2024 13:54:22:5422 error: error is not defined
15-02-2024 13:55:42:5542 error: undefined
15-02-2024 13:56:07:567 error: undefined
15-02-2024 14:06:01:61 error: undefined
15-02-2024 14:10:12:1012 error: undefined
15-02-2024 14:12:48:1248 error: undefined
15-02-2024 14:15:22:1522 error: undefined
15-02-2024 14:15:34:1534 error: undefined
15-02-2024 14:15:37:1537 error: undefined
15-02-2024 14:15:41:1541 error: undefined
15-02-2024 14:40:16:4016 error: la fonction get_user(unknown) n'existe pas
16-02-2024 15:14:19:1419 error: Cannot read properties of undefined (reading '0')
16-02-2024 15:15:57:1557 error: result is not defined
16-02-2024 15:22:16:2216 error: Cannot read properties of undefined (reading 'nodeName')
16-02-2024 15:28:32:2832 error: erreur de syntaxe sur ou pr√®s de ¬´ . ¬ª
16-02-2024 15:28:54:2854 error: erreur de syntaxe sur ou pr√®s de ¬´ . ¬ª
16-02-2024 15:41:46:4146 error: Cannot convert undefined or null to object
16-02-2024 15:44:32:4432 error: Cannot convert undefined or null to object
16-02-2024 16:07:53:753 error: la colonne ¬´ compartment ¬ª n'existe pas
16-02-2024 16:25:23:2523 error: Cannot read properties of undefined (reading '0')
16-02-2024 16:26:18:2618 error: Object.values.firstChild is not a function or its return value is not iterable
16-02-2024 16:26:27:2627 error: Object.values.firstChild is not iterable
16-02-2024 16:34:27:3427 error: la fonction compartment_bis(unknown) n'existe pas
16-02-2024 16:35:56:3556 error: la requ√™te n'a pas de destination pour les donn√©es r√©sultantes
16-02-2024 16:56:35:5635 error: la colonne ¬´ json_build_object ¬ª n'existe pas
16-02-2024 16:58:48:5848 error: completeCompartment is not defined
16-02-2024 16:59:04:594 error: completeCompartment is not defined
16-02-2024 16:59:05:595 error: completeCompartment is not defined
16-02-2024 16:59:06:596 error: completeCompartment is not defined
16-02-2024 16:59:07:597 error: completeCompartment is not defined
16-02-2024 16:59:23:5923 error: completeCompartment is not defined
16-02-2024 16:59:24:5924 error: completeCompartment is not defined
16-02-2024 16:59:35:5935 error: completeCompartment is not defined
16-02-2024 16:59:37:5937 error: completeCompartment is not defined
16-02-2024 17:00:02:02 error: le sch√©ma ¬´ object ¬ª n'existe pas
16-02-2024 17:00:29:029 error: le sch√©ma ¬´ get_all_compartments_by_story ¬ª n'existe pas
16-02-2024 17:00:58:058 error: la colonne get_all_compartments_by_story.values n'existe pas
16-02-2024 17:18:23:1823 error: resu is not defined
16-02-2024 17:21:34:2134 error: re.remove is not a function
16-02-2024 17:21:51:2151 error: re.append is not a function
16-02-2024 17:23:54:2354 error: Cannot access 'resu' before initialization
16-02-2024 17:24:15:2415 error: Cannot access 'resu' before initialization
16-02-2024 18:39:13:3913 error: results.map is not a function
16-02-2024 18:39:44:3944 error: results.map is not a function
16-02-2024 18:41:01:411 error: results.map is not a function
19-02-2024 20:57:13:5713 error: plus d'une ligne renvoy√©e par une sous-requ√™te utilis√©e comme une expression
19-02-2024 20:59:05:595 error: plus d'une ligne renvoy√©e par une sous-requ√™te utilis√©e comme une expression
20-02-2024 11:29:09:299 error: Vous n'avez pas le droit.
20-02-2024 11:29:11:2911 error: Vous n'avez pas le droit.
20-02-2024 11:29:37:2937 error: Le mot de passe doit contenir au moins 8 caract√®res, dont une majuscule et minuscule, 1 chiffre et 1 caract√®re sp√©cial.
20-02-2024 11:41:31:4131 error: Vous n'avez pas le droit.
20-02-2024 14:46:33:4633 error: Identifiants incorrects.
20-02-2024 14:47:57:4757 error: Le mot de passe doit contenir au moins 8 caract√®res, dont une majuscule et minuscule, 1 chiffre et 1 caract√®re sp√©cial.
20-02-2024 15:06:36:636 error: Vous n'avez pas le droit.
20-02-2024 15:06:41:641 error: Vous n'avez pas le droit.
20-02-2024 15:06:45:645 error: Vous n'avez pas le droit.
20-02-2024 15:08:42:842 error: Vous n'avez pas le droit.
20-02-2024 15:09:47:947 error: Hop hop hop, qu'est ce que tu fais l√† ?
20-02-2024 15:10:33:1033 error: Vous n'avez pas le droit.
20-02-2024 15:10:36:1036 error: Vous n'avez pas le droit.
20-02-2024 15:16:49:1649 error: Vous n'avez pas le droit.
20-02-2024 15:20:18:2018 error: Cannot read properties of undefined (reading 'id')
20-02-2024 15:20:49:2049 error: Vous n'avez pas le droit.
20-02-2024 15:36:08:368 error: Cannot read properties of undefined (reading 'id')
20-02-2024 15:37:10:3710 error: Hop hop hop, qu'est ce que tu fais l√† ?
20-02-2024 15:39:26:3926 error: Hop hop hop, qu'est ce que tu fais l√† ?
20-02-2024 15:41:37:4137 error: Hop hop hop, qu'est ce que tu fais l√† ?
20-02-2024 17:10:04:104 error: Identifiants incorrects.
20-02-2024 17:11:32:1132 error: Le mot de passe doit contenir au moins 8 caract√®res, dont une majuscule et minuscule, 1 chiffre et 1 caract√®re sp√©cial.
20-02-2024 17:57:30:5730 error: Identifiants incorrects.
20-02-2024 18:10:48:1048 error: Identifiants incorrects.
21-02-2024 14:04:37:437 error: Identifiants incorrects.
21-02-2024 17:48:24:4824 error: Hop hop hop, qu'est ce que tu fais l√† ?
21-02-2024 17:49:13:4913 error: Hop hop hop, qu'est ce que tu fais l√† ?
21-02-2024 17:49:29:4929 error: Cannot read properties of undefined (reading 'id')
21-02-2024 17:50:11:5011 error: Cannot read properties of undefined (reading 'id')
21-02-2024 17:51:08:518 error: Cannot read properties of undefined (reading 'id')
21-02-2024 18:53:32:5332 error: la valeur d'une cl√© dupliqu√©e rompt la contrainte unique ¬´ user_email_key ¬ª
21-02-2024 18:53:54:5354 error: Hop hop hop, qu'est ce que tu fais l√† ?
21-02-2024 18:55:11:5511 error: Hop hop hop, qu'est ce que tu fais l√† ?
21-02-2024 18:55:29:5529 error: Hop hop hop, qu'est ce que tu fais l√† ?
21-02-2024 18:55:33:5533 error: Hop hop hop, qu'est ce que tu fais l√† ?
21-02-2024 18:55:38:5538 error: Hop hop hop, qu'est ce que tu fais l√† ?
21-02-2024 18:56:09:569 error: Hop hop hop, qu'est ce que tu fais l√† ?
21-02-2024 18:56:19:5619 error: Hop hop hop, qu'est ce que tu fais l√† ?
21-02-2024 18:56:27:5627 error: Hop hop hop, qu'est ce que tu fais l√† ?
21-02-2024 18:56:54:5654 error: Hop hop hop, qu'est ce que tu fais l√† ?
21-02-2024 18:58:55:5855 error: Hop hop hop, qu'est ce que tu fais l√† ?
21-02-2024 18:59:07:597 error: Hop hop hop, qu'est ce que tu fais l√† ?
21-02-2024 18:59:25:5925 error: Hop hop hop, qu'est ce que tu fais l√† ?
21-02-2024 18:59:52:5952 error: Hop hop hop, qu'est ce que tu fais l√† ?
21-02-2024 19:00:11:011 error: Hop hop hop, qu'est ce que tu fais l√† ?
21-02-2024 19:01:12:112 error: Hop hop hop, qu'est ce que tu fais l√† ?
21-02-2024 19:04:00:40 error: Hop hop hop, qu'est ce que tu fais l√† ?
21-02-2024 19:04:03:43 error: Hop hop hop, qu'est ce que tu fais l√† ?
21-02-2024 19:04:14:414 error: Hop hop hop, qu'est ce que tu fais l√† ?
22-02-2024 10:02:17:217 error: la valeur d'une cl√© dupliqu√©e rompt la contrainte unique ¬´ user_email_key ¬ª
22-02-2024 10:06:54:654 error: la valeur pour le domaine domain_mail viole la contrainte de v√©rification ¬´ domain_mail_check ¬ª
22-02-2024 10:21:41:2141 error: Identifiants incorrects.
>>>>>>>>> Temporary merge branch 2
23-02-2024 14:01:27:127 error: Identifiants incorrects.
27-02-2024 11:13:19:1319 error: Hop hop hop, qu'est ce que tu fais l√† ?
27-02-2024 11:13:23:1323 error: Hop hop hop, qu'est ce que tu fais l√† ?
27-02-2024 11:13:27:1327 error: Hop hop hop, qu'est ce que tu fais l√† ?
27-02-2024 11:13:28:1328 error: Hop hop hop, qu'est ce que tu fais l√† ?
27-02-2024 11:13:42:1342 error: Hop hop hop, qu'est ce que tu fais l√† ?
27-02-2024 11:13:44:1344 error: Hop hop hop, qu'est ce que tu fais l√† ?
27-02-2024 11:14:05:145 error: Hop hop hop, qu'est ce que tu fais l√† ?
27-02-2024 11:14:13:1413 error: Hop hop hop, qu'est ce que tu fais l√† ?
27-02-2024 11:14:16:1416 error: Hop hop hop, qu'est ce que tu fais l√† ?
27-02-2024 11:14:17:1417 error: Hop hop hop, qu'est ce que tu fais l√† ?
27-02-2024 11:14:44:1444 error: Identifiants incorrects.
27-02-2024 11:14:52:1452 error: Identifiants incorrects.
27-02-2024 11:15:17:1517 error: duplicate key value violates unique constraint "user_email_key"
27-02-2024 11:16:33:1633 error: Hop hop hop, qu'est ce que tu fais l√† ?
27-02-2024 11:17:39:1739 error: Hop hop hop, qu'est ce que tu fais l√† ?
27-02-2024 11:17:41:1741 error: Hop hop hop, qu'est ce que tu fais l√† ?
27-02-2024 11:17:42:1742 error: Hop hop hop, qu'est ce que tu fais l√† ?
27-02-2024 12:26:18:2618 error: Identifiants incorrects.
27-02-2024 14:19:25:1925 error: Le mot de passe doit contenir au moins 8 caract√®res, dont une majuscule et minuscule, 1 chiffre et 1 caract√®re sp√©cial.
27-02-2024 14:19:37:1937 error: Le mot de passe doit contenir au moins 8 caract√®res, dont une majuscule et minuscule, 1 chiffre et 1 caract√®re sp√©cial.
27-02-2024 14:21:26:2126 error: Le mot de passe doit contenir au moins 8 caract√®res, dont une majuscule et minuscule, 1 chiffre et 1 caract√®re sp√©cial.
27-02-2024 14:21:38:2138 error: Le mot de passe doit contenir au moins 8 caract√®res, dont une majuscule et minuscule, 1 chiffre et 1 caract√®re sp√©cial.
27-02-2024 14:22:23:2223 error: Le mot de passe doit contenir au moins 8 caract√®res, dont une majuscule et minuscule, 1 chiffre et 1 caract√®re sp√©cial.
26-03-2024 13:21:04:214 error: Identifiants incorrects.
27-03-2024 17:52:01:521 error: Identifiants incorrects.
29-03-2024 14:59:57:5957 error: Identifiants incorrects.
29-03-2024 15:02:28:228 error: Identifiants incorrects.
29-03-2024 15:02:57:257 error: Identifiants incorrects.
29-03-2024 15:03:40:340 error: Identifiants incorrects.
29-03-2024 15:04:11:411 error: Identifiants incorrects.
29-03-2024 15:04:50:450 error: Identifiants incorrects.
29-03-2024 15:10:16:1016 error: Identifiants incorrects.
29-03-2024 15:12:15:1215 error: Identifiants incorrects.
29-03-2024 15:12:29:1229 error: Identifiants incorrects.
29-03-2024 15:12:36:1236 error: Identifiants incorrects.
29-03-2024 17:10:11:1011 error: Identifiants incorrects.
29-03-2024 17:10:30:1030 error: duplicate key value violates unique constraint "user_email_key"
29-03-2024 17:10:39:1039 error: error is not defined
29-03-2024 17:10:43:1043 error: error is not defined
29-03-2024 17:10:44:1044 error: error is not defined
29-03-2024 17:12:16:1216 error: error is not defined
29-03-2024 17:12:20:1220 error: error is not defined
29-03-2024 17:12:22:1222 error: error is not defined
29-03-2024 17:14:33:1433 error: error is not defined
29-03-2024 17:14:40:1440 error: error is not defined
29-03-2024 17:15:40:1540 error: error is not defined
29-03-2024 17:16:04:164 error: Cannot read properties of undefined (reading 'id')
29-03-2024 17:18:25:1825 error: Cannot read properties of undefined (reading 'id')
29-03-2024 17:21:17:2117 error: Cannot read properties of undefined (reading 'id')
29-03-2024 17:21:19:2119 error: Cannot read properties of undefined (reading 'id')
29-03-2024 17:22:03:223 error: Cannot read properties of undefined (reading 'id')
31-03-2024 15:59:42:5942 error: Unauthorized
31-03-2024 16:05:30:530 error: Cannot access 'error' before initialization
31-03-2024 16:06:01:61 error: Identifiants incorrects.
31-03-2024 16:35:18:3518 error: Identifiants incorrects.
31-03-2024 16:47:17:4717 error: Identifiants incorrects.
31-03-2024 16:47:38:4738 error: user is not defined
31-03-2024 16:47:52:4752 error: user is not defined
31-03-2024 16:53:00:530 error: getUserIdFromToken is not defined
31-03-2024 16:57:57:5757 error: Cannot read properties of undefined (reading 'id')
31-03-2024 16:59:16:5916 error: Cannot read properties of undefined (reading 'id')
31-03-2024 17:01:16:116 error: Cannot read properties of undefined (reading 'id')
31-03-2024 19:20:03:203 error: Identifiants incorrects.
31-03-2024 19:24:10:2410 error: Identifiants incorrects.
31-03-2024 19:24:35:2435 error: Hop hop hop, qu'est ce que tu fais l√† ?
01-04-2024 14:20:40:2040 error: Hop hop hop, qu'est ce que tu fais l√† ?
01-04-2024 14:28:22:2822 error: Hop hop hop, qu'est ce que tu fais l√† ?
01-04-2024 14:33:53:3353 error: Hop hop hop, qu'est ce que tu fais l√† ?
01-04-2024 15:10:26:1026 error: Hop hop hop, qu'est ce que tu fais l√† ?
01-04-2024 15:11:13:1113 error: Hop hop hop, qu'est ce que tu fais l√† ?
01-04-2024 15:16:25:1625 error: Hop hop hop, qu'est ce que tu fais l√† ?
01-04-2024 16:14:45:1445 error: Identifiants incorrects.
01-04-2024 16:31:02:312 error: Hop hop hop, qu'est ce que tu fais l√† ?
01-04-2024 17:20:56:2056 error: Identifiants incorrects.
01-04-2024 18:28:18:2818 error: Identifiants incorrects.
01-04-2024 18:46:15:4615 error: Identifiants incorrects.
02-04-2024 01:08:12:812 error: Hop hop hop, qu'est ce que tu fais l√† ?
02-04-2024 01:08:37:837 error: Le mot de passe doit contenir au moins 8 caract√®res, dont une majuscule et minuscule, 1 chiffre et 1 caract√®re sp√©cial.
02-04-2024 01:08:53:853 error: Identifiants incorrects.
02-04-2024 01:09:10:910 error: duplicate key value violates unique constraint "user_email_key"
02-04-2024 01:15:02:152 error: Identifiants incorrects.
02-04-2024 01:15:29:1529 error: Le mot de passe doit contenir au moins 8 caract√®res, dont une majuscule et minuscule, 1 chiffre et 1 caract√®re sp√©cial.
02-04-2024 11:02:03:23 error: Le mot de passe doit contenir au moins 8 caract√®res, dont une majuscule et minuscule, 1 chiffre et 1 caract√®re sp√©cial.
02-04-2024 11:03:32:332 error: Le mot de passe doit contenir au moins 8 caract√®res, dont une majuscule et minuscule, 1 chiffre et 1 caract√®re sp√©cial.
02-04-2024 11:04:43:443 error: Identifiants incorrects.
02-04-2024 11:12:00:120 error: Identifiants incorrects.
02-04-2024 18:41:20:4120 error: Identifiants incorrects.
02-04-2024 18:57:03:573 error: Identifiants incorrects.
09-04-2024 17:47:24:4724 error: Identifiants incorrects.
09-04-2024 17:49:41:4941 error: Identifiants incorrects.
15-04-2024 10:40:42:4042 error: Identifiants incorrects.
15-04-2024 11:09:47:947 error: Cannot read properties of undefined (reading 'get_user_by_id')
15-04-2024 11:09:49:949 error: Cannot read properties of undefined (reading 'get_user_by_id')
15-04-2024 11:09:56:956 error: Cannot read properties of undefined (reading 'get_user_by_id')
15-04-2024 11:10:02:102 error: Cannot read properties of undefined (reading 'get_user_by_id')
15-04-2024 11:10:09:109 error: Cannot read properties of undefined (reading 'get_user_by_id')
15-04-2024 11:10:32:1032 error: Identifiants incorrects.
15-04-2024 11:10:41:1041 error: Identifiants incorrects.
